#
# There is insufficient memory for the Java Runtime Environment to continue.
# Native memory allocation (malloc) failed to allocate 32744 bytes for ChunkPool::allocate
# Possible reasons:
#   The system is out of physical RAM or swap space
#   In 32 bit mode, the process size limit was hit
# Possible solutions:
#   Reduce memory load on the system
#   Increase physical memory or swap space
#   Check if swap backing store is full
#   Use 64 bit Java on a 64 bit OS
#   Decrease Java heap size (-Xmx/-Xms)
#   Decrease number of Java threads
#   Decrease Java thread stack sizes (-Xss)
#   Set larger code cache with -XX:ReservedCodeCacheSize=
# This output file may be truncated or incomplete.
#
#  Out of Memory Error (allocation.cpp:273), pid=9728, tid=0x0000000000000aa4
#
# JRE version: OpenJDK Runtime Environment (8.0_112-b06) (build 1.8.0_112-release-b06)
# Java VM: OpenJDK 64-Bit Server VM (25.112-b06 mixed mode windows-amd64 compressed oops)
# Failed to write core dump. Minidumps are not enabled by default on client versions of Windows
#

---------------  T H R E A D  ---------------

Current thread (0x00000000551be800):  JavaThread "C2 CompilerThread0" daemon [_thread_in_native, id=2724, stack(0x00000000575a0000,0x00000000576a0000)]

Stack: [0x00000000575a0000,0x00000000576a0000]
[error occurred during error reporting (printing stack bounds), id 0xc0000005]

Native frames: (J=compiled Java code, j=interpreted, Vv=VM code, C=native code)


Current CompileTask:
C2:2395490 15874       4       org.gradle.api.internal.changedetection.state.AbstractFileCollectionSnapshotter::snapshot (253 bytes)


---------------  P R O C E S S  ---------------

Java Threads: ( => current thread )
  0x000000005c6d1000 JavaThread "Cache update executor" [_thread_blocked, id=12284, stack(0x00000000593a0000,0x00000000594a0000)]
  0x000000005c6cf800 JavaThread "Stdin handler" [_thread_blocked, id=14284, stack(0x000000005b2b0000,0x000000005b3b0000)]
  0x000000005c6ce000 JavaThread "Asynchronous log dispatcher for DefaultDaemonConnection: socket connection from /127.0.0.1:63168 to /127.0.0.1:53098" [_thread_blocked, id=13792, stack(0x000000005b940000,0x000000005ba40000)]
  0x000000005c6ca000 JavaThread "Cancel handler" [_thread_blocked, id=9952, stack(0x000000005b100000,0x000000005b200000)]
  0x000000005c6cd000 JavaThread "Handler for socket connection from /127.0.0.1:63168 to /127.0.0.1:53098" [_thread_in_native, id=10908, stack(0x000000005ae70000,0x000000005af70000)]
  0x0000000059ad6800 JavaThread "pool-9-thread-3" [_thread_blocked, id=6736, stack(0x0000000062e00000,0x0000000062f00000)]
  0x000000005c6cc800 JavaThread "Daemon worker Thread 4" [_thread_in_native, id=11200, stack(0x000000005b3e0000,0x000000005b4e0000)]
  0x0000000056f8f800 JavaThread "Daemon Thread 4" [_thread_blocked, id=8608, stack(0x000000005ac80000,0x000000005ad80000)]
  0x0000000059ad8000 JavaThread "pool-9-thread-2" [_thread_blocked, id=10952, stack(0x0000000063440000,0x0000000063540000)]
  0x000000005c6cb800 JavaThread "pool-9-thread-1" [_thread_blocked, id=5204, stack(0x0000000062cf0000,0x0000000062df0000)]
  0x00000000581f9800 JavaThread "File lock request listener" [_thread_in_native, id=6240, stack(0x000000005cd50000,0x000000005ce50000)]
  0x0000000058b88000 JavaThread "pool-1-thread-1" [_thread_blocked, id=9348, stack(0x000000005afa0000,0x000000005b0a0000)]
  0x0000000058955000 JavaThread "Incoming local TCP Connector on port 63168" [_thread_in_native, id=7548, stack(0x000000005a930000,0x000000005aa30000)]
  0x0000000056e28800 JavaThread "Service Thread" daemon [_thread_blocked, id=2840, stack(0x0000000057700000,0x0000000057800000)]
  0x0000000056db8000 JavaThread "C1 CompilerThread2" daemon [_thread_blocked, id=1036, stack(0x00000000574a0000,0x00000000575a0000)]
  0x0000000056db5800 JavaThread "C2 CompilerThread1" daemon [_thread_blocked, id=6640, stack(0x0000000057810000,0x0000000057910000)]
=>0x00000000551be800 JavaThread "C2 CompilerThread0" daemon [_thread_in_native, id=2724, stack(0x00000000575a0000,0x00000000576a0000)]
  0x0000000056d9b000 JavaThread "Attach Listener" daemon [_thread_blocked, id=5208, stack(0x0000000057240000,0x0000000057340000)]
  0x0000000056d9a800 JavaThread "Signal Dispatcher" daemon [_thread_blocked, id=6500, stack(0x0000000057370000,0x0000000057470000)]
  0x0000000055198000 JavaThread "Finalizer" daemon [_thread_blocked, id=5340, stack(0x00000000569b0000,0x0000000056ab0000)]
  0x0000000055151000 JavaThread "Reference Handler" daemon [_thread_blocked, id=6012, stack(0x0000000056c90000,0x0000000056d90000)]
  0x00000000024cf800 JavaThread "main" [_thread_blocked, id=10828, stack(0x00000000026b0000,0x00000000027b0000)]

Other Threads:
  0x0000000055149800 VMThread [stack: 0x0000000056af0000,0x0000000056bf0000] [id=9772]
  0x0000000056dda000 WatcherThread [stack: 0x0000000057ab0000,0x0000000057bb0000] [id=7068]

VM state:not at safepoint (normal execution)

VM Mutex/Monitor currently owned by a thread: None

Heap:
 PSYoungGen      total 123392K, used 46751K [0x00000000eab00000, 0x00000000f4380000, 0x0000000100000000)
  eden space 100352K, 32% used [0x00000000eab00000,0x00000000eca9a838,0x00000000f0d00000)
  from space 23040K, 62% used [0x00000000f0d00000,0x00000000f1b0d408,0x00000000f2380000)
  to   space 26112K, 0% used [0x00000000f2a00000,0x00000000f2a00000,0x00000000f4380000)
 ParOldGen       total 112640K, used 64938K [0x00000000c0000000, 0x00000000c6e00000, 0x00000000eab00000)
  object space 112640K, 57% used [0x00000000c0000000,0x00000000c3f6a850,0x00000000c6e00000)
 Metaspace       used 70790K, capacity 74776K, committed 74968K, reserved 1114112K
  class space    used 9202K, capacity 9869K, committed 9944K, reserved 1048576K

Card table byte_map: [0x0000000011b70000,0x0000000011d80000] byte_map_base: 0x0000000011570000

Marking Bits: (ParMarkBitMap*) 0x0000000055bf18f0
 Begin Bits: [0x00000000125c0000, 0x00000000135c0000)
 End Bits:   [0x00000000135c0000, 0x00000000145c0000)

Polling page: 0x0000000001b60000

CodeCache: size=245760Kb used=46744Kb max_used=46757Kb free=199015Kb
 bounds [0x00000000027b0000, 0x0000000005590000, 0x00000000117b0000]
 total_blobs=13634 nmethods=12844 adapters=702
 compilation: enabled

Compilation events (10 events):
Event: 2393.508 Thread 0x0000000056db8000 15870       3       com.sun.org.apache.xpath.internal.VariableStack::setStackFrame (6 bytes)
Event: 2393.508 Thread 0x0000000056db8000 nmethod 15870 0x0000000005588290 code [0x00000000055883e0, 0x0000000005588530]
Event: 2393.508 Thread 0x0000000056db8000 15871       3       java.util.IdentityHashMap::isEmpty (13 bytes)
Event: 2393.509 Thread 0x0000000056db8000 nmethod 15871 0x0000000005588590 code [0x00000000055886e0, 0x0000000005588890]
Event: 2393.525 Thread 0x0000000056db8000 15872       3       com.android.ide.common.res2.ResourceSet::<init> (28 bytes)
Event: 2393.526 Thread 0x0000000056db8000 nmethod 15872 0x0000000005588910 code [0x0000000005588a80, 0x0000000005588d68]
Event: 2393.526 Thread 0x0000000056db8000 15873       3       com.android.ide.common.res2.NoOpResourcePreprocessor::<init> (5 bytes)
Event: 2393.526 Thread 0x0000000056db8000 nmethod 15873 0x0000000005588ed0 code [0x0000000005589020, 0x00000000055891d0]
Event: 2393.575 Thread 0x0000000056db5800 nmethod 15860% 0x000000000558c6d0 code [0x000000000558c880, 0x000000000558d038]
Event: 2394.915 Thread 0x00000000551be800 15874       4       org.gradle.api.internal.changedetection.state.AbstractFileCollectionSnapshotter::snapshot (253 bytes)

GC Heap History (10 events):
Event: 496.237 GC heap before
{Heap before GC invocations=37 (full 4):
 PSYoungGen      total 114688K, used 98496K [0x00000000eab00000, 0x00000000f2e80000, 0x0000000100000000)
  eden space 96768K, 100% used [0x00000000eab00000,0x00000000f0980000,0x00000000f0980000)
  from space 17920K, 9% used [0x00000000f1d00000,0x00000000f1eb0000,0x00000000f2e80000)
  to   space 18944K, 0% used [0x00000000f0980000,0x00000000f0980000,0x00000000f1c00000)
 ParOldGen       total 112640K, used 53500K [0x00000000c0000000, 0x00000000c6e00000, 0x00000000eab00000)
  object space 112640K, 47% used [0x00000000c0000000,0x00000000c343f3a8,0x00000000c6e00000)
 Metaspace       used 69508K, capacity 72706K, committed 72920K, reserved 1112064K
  class space    used 9072K, capacity 9650K, committed 9688K, reserved 1048576K
Event: 496.271 GC heap after
Heap after GC invocations=37 (full 4):
 PSYoungGen      total 115712K, used 18929K [0x00000000eab00000, 0x00000000f3b00000, 0x0000000100000000)
  eden space 96768K, 0% used [0x00000000eab00000,0x00000000eab00000,0x00000000f0980000)
  from space 18944K, 99% used [0x00000000f0980000,0x00000000f1bfc4c8,0x00000000f1c00000)
  to   space 23552K, 0% used [0x00000000f2400000,0x00000000f2400000,0x00000000f3b00000)
 ParOldGen       total 112640K, used 57331K [0x00000000c0000000, 0x00000000c6e00000, 0x00000000eab00000)
  object space 112640K, 50% used [0x00000000c0000000,0x00000000c37fcec8,0x00000000c6e00000)
 Metaspace       used 69508K, capacity 72706K, committed 72920K, reserved 1112064K
  class space    used 9072K, capacity 9650K, committed 9688K, reserved 1048576K
}
Event: 2207.924 GC heap before
{Heap before GC invocations=38 (full 4):
 PSYoungGen      total 115712K, used 115697K [0x00000000eab00000, 0x00000000f3b00000, 0x0000000100000000)
  eden space 96768K, 100% used [0x00000000eab00000,0x00000000f0980000,0x00000000f0980000)
  from space 18944K, 99% used [0x00000000f0980000,0x00000000f1bfc4c8,0x00000000f1c00000)
  to   space 23552K, 0% used [0x00000000f2400000,0x00000000f2400000,0x00000000f3b00000)
 ParOldGen       total 112640K, used 57331K [0x00000000c0000000, 0x00000000c6e00000, 0x00000000eab00000)
  object space 112640K, 50% used [0x00000000c0000000,0x00000000c37fcec8,0x00000000c6e00000)
 Metaspace       used 69858K, capacity 73222K, committed 73432K, reserved 1114112K
  class space    used 9092K, capacity 9675K, committed 9688K, reserved 1048576K
Event: 2215.700 GC heap after
Heap after GC invocations=38 (full 4):
 PSYoungGen      total 122880K, used 10625K [0x00000000eab00000, 0x00000000f3a00000, 0x0000000100000000)
  eden space 100352K, 0% used [0x00000000eab00000,0x00000000eab00000,0x00000000f0d00000)
  from space 22528K, 47% used [0x00000000f2400000,0x00000000f2e60468,0x00000000f3a00000)
  to   space 23040K, 0% used [0x00000000f0d00000,0x00000000f0d00000,0x00000000f2380000)
 ParOldGen       total 112640K, used 57823K [0x00000000c0000000, 0x00000000c6e00000, 0x00000000eab00000)
  object space 112640K, 51% used [0x00000000c0000000,0x00000000c3877ed8,0x00000000c6e00000)
 Metaspace       used 69858K, capacity 73222K, committed 73432K, reserved 1114112K
  class space    used 9092K, capacity 9675K, committed 9688K, reserved 1048576K
}
Event: 2303.146 GC heap before
{Heap before GC invocations=39 (full 4):
 PSYoungGen      total 122880K, used 110977K [0x00000000eab00000, 0x00000000f3a00000, 0x0000000100000000)
  eden space 100352K, 100% used [0x00000000eab00000,0x00000000f0d00000,0x00000000f0d00000)
  from space 22528K, 47% used [0x00000000f2400000,0x00000000f2e60468,0x00000000f3a00000)
  to   space 23040K, 0% used [0x00000000f0d00000,0x00000000f0d00000,0x00000000f2380000)
 ParOldGen       total 112640K, used 57823K [0x00000000c0000000, 0x00000000c6e00000, 0x00000000eab00000)
  object space 112640K, 51% used [0x00000000c0000000,0x00000000c3877ed8,0x00000000c6e00000)
 Metaspace       used 70234K, capacity 73874K, committed 74072K, reserved 1114112K
  class space    used 9143K, capacity 9771K, committed 9816K, reserved 1048576K
Event: 2304.166 GC heap after
Heap after GC invocations=39 (full 4):
 PSYoungGen      total 123392K, used 7787K [0x00000000eab00000, 0x00000000f3b00000, 0x0000000100000000)
  eden space 100352K, 0% used [0x00000000eab00000,0x00000000eab00000,0x00000000f0d00000)
  from space 23040K, 33% used [0x00000000f0d00000,0x00000000f149ad08,0x00000000f2380000)
  to   space 21504K, 0% used [0x00000000f2600000,0x00000000f2600000,0x00000000f3b00000)
 ParOldGen       total 112640K, used 57831K [0x00000000c0000000, 0x00000000c6e00000, 0x00000000eab00000)
  object space 112640K, 51% used [0x00000000c0000000,0x00000000c3879ed8,0x00000000c6e00000)
 Metaspace       used 70234K, capacity 73874K, committed 74072K, reserved 1114112K
  class space    used 9143K, capacity 9771K, committed 9816K, reserved 1048576K
}
Event: 2336.542 GC heap before
{Heap before GC invocations=40 (full 4):
 PSYoungGen      total 123392K, used 108139K [0x00000000eab00000, 0x00000000f3b00000, 0x0000000100000000)
  eden space 100352K, 100% used [0x00000000eab00000,0x00000000f0d00000,0x00000000f0d00000)
  from space 23040K, 33% used [0x00000000f0d00000,0x00000000f149ad08,0x00000000f2380000)
  to   space 21504K, 0% used [0x00000000f2600000,0x00000000f2600000,0x00000000f3b00000)
 ParOldGen       total 112640K, used 57831K [0x00000000c0000000, 0x00000000c6e00000, 0x00000000eab00000)
  object space 112640K, 51% used [0x00000000c0000000,0x00000000c3879ed8,0x00000000c6e00000)
 Metaspace       used 70412K, capacity 74126K, committed 74328K, reserved 1114112K
  class space    used 9155K, capacity 9791K, committed 9816K, reserved 1048576K
Event: 2336.614 GC heap after
Heap after GC invocations=40 (full 4):
 PSYoungGen      total 121856K, used 21492K [0x00000000eab00000, 0x00000000f3b00000, 0x0000000100000000)
  eden space 100352K, 0% used [0x00000000eab00000,0x00000000eab00000,0x00000000f0d00000)
  from space 21504K, 99% used [0x00000000f2600000,0x00000000f3afd240,0x00000000f3b00000)
  to   space 23040K, 0% used [0x00000000f0d00000,0x00000000f0d00000,0x00000000f2380000)
 ParOldGen       total 112640K, used 60055K [0x00000000c0000000, 0x00000000c6e00000, 0x00000000eab00000)
  object space 112640K, 53% used [0x00000000c0000000,0x00000000c3aa5e70,0x00000000c6e00000)
 Metaspace       used 70412K, capacity 74126K, committed 74328K, reserved 1114112K
  class space    used 9155K, capacity 9791K, committed 9816K, reserved 1048576K
}
Event: 2388.903 GC heap before
{Heap before GC invocations=41 (full 4):
 PSYoungGen      total 121856K, used 121844K [0x00000000eab00000, 0x00000000f3b00000, 0x0000000100000000)
  eden space 100352K, 100% used [0x00000000eab00000,0x00000000f0d00000,0x00000000f0d00000)
  from space 21504K, 99% used [0x00000000f2600000,0x00000000f3afd240,0x00000000f3b00000)
  to   space 23040K, 0% used [0x00000000f0d00000,0x00000000f0d00000,0x00000000f2380000)
 ParOldGen       total 112640K, used 60055K [0x00000000c0000000, 0x00000000c6e00000, 0x00000000eab00000)
  object space 112640K, 53% used [0x00000000c0000000,0x00000000c3aa5e70,0x00000000c6e00000)
 Metaspace       used 70617K, capacity 74344K, committed 74712K, reserved 1114112K
  class space    used 9175K, capacity 9819K, committed 9944K, reserved 1048576K
Event: 2389.239 GC heap after
Heap after GC invocations=41 (full 4):
 PSYoungGen      total 123392K, used 14389K [0x00000000eab00000, 0x00000000f4380000, 0x0000000100000000)
  eden space 100352K, 0% used [0x00000000eab00000,0x00000000eab00000,0x00000000f0d00000)
  from space 23040K, 62% used [0x00000000f0d00000,0x00000000f1b0d408,0x00000000f2380000)
  to   space 26112K, 0% used [0x00000000f2a00000,0x00000000f2a00000,0x00000000f4380000)
 ParOldGen       total 112640K, used 64938K [0x00000000c0000000, 0x00000000c6e00000, 0x00000000eab00000)
  object space 112640K, 57% used [0x00000000c0000000,0x00000000c3f6a850,0x00000000c6e00000)
 Metaspace       used 70617K, capacity 74344K, committed 74712K, reserved 1114112K
  class space    used 9175K, capacity 9819K, committed 9944K, reserved 1048576K
}

Deoptimization events (10 events):
Event: 2311.054 Thread 0x000000005c6cc800 Uncommon trap: reason=class_check action=maybe_recompile pc=0x00000000040d0a44 method=com.sun.org.apache.xerces.internal.dom.ElementImpl.getAttributes()Lorg/w3c/dom/NamedNodeMap; @ 8
Event: 2323.806 Thread 0x000000005c6cc800 Uncommon trap: reason=unstable_if action=reinterpret pc=0x00000000035e7fa8 method=java.lang.StringCoding$StringDecoder.decode([BII)[C @ 20
Event: 2332.245 Thread 0x000000005c6cc800 Uncommon trap: reason=range_check action=make_not_entrant pc=0x0000000004f1c914 method=com.sun.tools.javac.util.Convert.utf2chars([BI[CII)I @ 25
Event: 2334.316 Thread 0x000000005c6cc800 Uncommon trap: reason=unstable_if action=reinterpret pc=0x0000000004a31050 method=com.sun.tools.javac.code.Lint$AugmentVisitor.initSyms()V @ 4
Event: 2336.824 Thread 0x000000005c6cc800 Uncommon trap: reason=bimorphic action=maybe_recompile pc=0x00000000046bffcc method=com.sun.tools.javac.code.Types.capture(Lcom/sun/tools/javac/code/Type;)Lcom/sun/tools/javac/code/Type; @ 13
Event: 2336.824 Thread 0x000000005c6cc800 Uncommon trap: reason=bimorphic action=maybe_recompile pc=0x00000000046bffcc method=com.sun.tools.javac.code.Types.capture(Lcom/sun/tools/javac/code/Type;)Lcom/sun/tools/javac/code/Type; @ 13
Event: 2337.233 Thread 0x000000005c6cc800 Uncommon trap: reason=unstable_if action=reinterpret pc=0x00000000053d9d40 method=com.sun.tools.javac.comp.Resolve$4.methodCheckResult(ZLcom/sun/tools/javac/code/Type;Lcom/sun/tools/javac/comp/DeferredAttr$DeferredAttrContext;Lcom/sun/tools/javac/util/Warn(>¸,Y¢@
Event: 2348.748 Thread 0x000000005c6cc800 Uncommon trap: reason=class_check action=maybe_recompile pc=0x000000000493782c method=java.net.URLClassLoader.defineClass(Ljava/lang/String;Lsun/misc/Resource;)Ljava/lang/Class; @ 34
Event: 2354.533 Thread 0x000000005c6cc800 Uncommon trap: reason=bimorphic action=maybe_recompile pc=0x00000000029f05cc method=org.gradle.internal.logging.text.AbstractStyledTextOutput.text(Ljava/lang/Object;)Lorg/gradle/internal/logging/text/StyledTextOutput; @ 11
Event: 2392.961 Thread 0x000000005c6cc800 Uncommon trap: reason=class_check action=maybe_recompile pc=0x00000000040d0a44 method=com.sun.org.apache.xerces.internal.dom.ElementImpl.getAttributes()Lorg/w3c/dom/NamedNodeMap; @ 8

Internal exceptions (10 events):
Event: 2275.769 Thread 0x0000000056f8f800 Exception <a 'java/lang/NoSuchMethodError': <clinit>> (0x00000000eff3a658) thrown at [C:\src\android\AOSP-openjdk\external\jetbrains\jdk\hotspot\src\share\vm\prims\jni.cpp, line 1613]
Event: 2275.964 Thread 0x0000000056f8f800 Exception <a 'java/lang/NoSuchMethodError': <clinit>> (0x00000000eff67d98) thrown at [C:\src\android\AOSP-openjdk\external\jetbrains\jdk\hotspot\src\share\vm\prims\jni.cpp, line 1613]
Event: 2299.854 Thread 0x000000005c6cc800 Exception <a 'java/lang/ClassNotFoundException': asLocalRepo1383_4h0y0hdauwkdykshyz8f5v4q8BeanInfo> (0x00000000f01b3a78) thrown at [C:\src\android\AOSP-openjdk\external\jetbrains\jdk\hotspot\src\share\vm\classfile\systemDictionary.cpp, line 210]
Event: 2299.866 Thread 0x000000005c6cc800 Exception <a 'java/lang/ClassNotFoundException': asLocalRepo1383_4h0y0hdauwkdykshyz8f5v4q8Customizer> (0x00000000f01bf158) thrown at [C:\src\android\AOSP-openjdk\external\jetbrains\jdk\hotspot\src\share\vm\classfile\systemDictionary.cpp, line 210]
Event: 2354.760 Thread 0x000000005c6cc800 Exception <a 'sun/nio/fs/WindowsException'> (0x00000000eed2d530) thrown at [C:\src\android\AOSP-openjdk\external\jetbrains\jdk\hotspot\src\share\vm\prims\jni.cpp, line 709]
Event: 2354.855 Thread 0x0000000056f8f800 Exception <a 'java/lang/NoSuchMethodError': <clinit>> (0x00000000eee50b80) thrown at [C:\src\android\AOSP-openjdk\external\jetbrains\jdk\hotspot\src\share\vm\prims\jni.cpp, line 1613]
Event: 2354.856 Thread 0x0000000056f8f800 Exception <a 'java/lang/NoSuchMethodError': <clinit>> (0x00000000eee6c258) thrown at [C:\src\android\AOSP-openjdk\external\jetbrains\jdk\hotspot\src\share\vm\prims\jni.cpp, line 1613]
Event: 2354.907 Thread 0x0000000056f8f800 Exception <a 'java/lang/NoSuchMethodError': <clinit>> (0x00000000eee87098) thrown at [C:\src\android\AOSP-openjdk\external\jetbrains\jdk\hotspot\src\share\vm\prims\jni.cpp, line 1613]
Event: 2383.746 Thread 0x000000005c6cc800 Exception <a 'java/lang/ClassNotFoundException': asLocalRepo2602_19enf1jsylecvlp5mnnpdjimgBeanInfo> (0x00000000ef174c40) thrown at [C:\src\android\AOSP-openjdk\external\jetbrains\jdk\hotspot\src\share\vm\classfile\systemDictionary.cpp, line 210]
Event: 2383.746 Thread 0x000000005c6cc800 Exception <a 'java/lang/ClassNotFoundException': asLocalRepo2602_19enf1jsylecvlp5mnnpdjimgCustomizer> (0x00000000ef180320) thrown at [C:\src\android\AOSP-openjdk\external\jetbrains\jdk\hotspot\src\share\vm\classfile\systemDictionary.cpp, line 210]

Events (10 events):
Event: 2389.239 Executing VM operation: RevokeBias
Event: 2389.246 Executing VM operation: RevokeBias done
Event: 2389.581 loading class org/gradle/internal/component/external/model/AbstractModuleComponentResolveMetadata$1
Event: 2389.581 loading class org/gradle/internal/component/external/model/AbstractModuleComponentResolveMetadata$1 done
Event: 2392.776 Thread 0x000000005c6cc800 DEOPT PACKING pc=0x0000000003a7a0e8 sp=0x000000005b4dcd40
Event: 2392.776 Thread 0x000000005c6cc800 DEOPT UNPACKING pc=0x00000000027f71bf sp=0x000000005b4dcad8 mode 0
Event: 2392.866 Thread 0x000000005c6d1000 Thread added: 0x000000005c6d1000
Event: 2392.961 Thread 0x000000005c6cc800 Uncommon trap: trap_request=0xffffffde fr.pc=0x00000000040d0a44
Event: 2392.961 Thread 0x000000005c6cc800 DEOPT PACKING pc=0x00000000040d0a44 sp=0x000000005b4dbbc0
Event: 2392.961 Thread 0x000000005c6cc800 DEOPT UNPACKING pc=0x00000000027f556a sp=0x000000005b4dbb88 mode 2


Dynamic libraries:
0x000000013f4b0000 - 0x000000013f4e1000 	C:\Program Files\Android\Android Studio\jre\bin\java.exe
0x0000000077c40000 - 0x0000000077dea000 	C:\Windows\SYSTEM32\ntdll.dll
0x0000000077b20000 - 0x0000000077c3f000 	C:\Windows\system32\kernel32.dll
0x000007fefdcb0000 - 0x000007fefdd1a000 	C:\Windows\system32\KERNELBASE.dll
0x000007fefddd0000 - 0x000007fefdeab000 	C:\Windows\system32\ADVAPI32.dll
0x000007fefe990000 - 0x000007fefea2f000 	C:\Windows\system32\msvcrt.dll
0x000007fefeb30000 - 0x000007fefeb4f000 	C:\Windows\SYSTEM32\sechost.dll
0x000007feff9d0000 - 0x000007feffafd000 	C:\Windows\system32\RPCRT4.dll
0x00000000778e0000 - 0x00000000779da000 	C:\Windows\system32\USER32.dll
0x000007fefeac0000 - 0x000007fefeb27000 	C:\Windows\system32\GDI32.dll
0x000007fefe360000 - 0x000007fefe36e000 	C:\Windows\system32\LPK.dll
0x000007fefe030000 - 0x000007fefe0fb000 	C:\Windows\system32\USP10.dll
0x000007fefc120000 - 0x000007fefc314000 	C:\Windows\WinSxS\amd64_microsoft.windows.common-controls_6595b64144ccf1df_6.0.7601.18837_none_fa3b1e3d17594757\COMCTL32.dll
0x000007fefe710000 - 0x000007fefe781000 	C:\Windows\system32\SHLWAPI.dll
0x000007feffc30000 - 0x000007feffc5e000 	C:\Windows\system32\IMM32.DLL
0x000007fefe600000 - 0x000007fefe709000 	C:\Windows\system32\MSCTF.dll
0x000000006f3f0000 - 0x000000006f4c2000 	C:\Program Files\Android\Android Studio\jre\jre\bin\msvcr100.dll
0x0000000055430000 - 0x0000000055c6c000 	C:\Program Files\Android\Android Studio\jre\jre\bin\server\jvm.dll
0x000007fefb4c0000 - 0x000007fefb4c9000 	C:\Windows\system32\WSOCK32.dll
0x000007feff980000 - 0x000007feff9cd000 	C:\Windows\system32\WS2_32.dll
0x000007fefff40000 - 0x000007fefff48000 	C:\Windows\system32\NSI.dll
0x000007fefdd90000 - 0x000007fefddcb000 	C:\Windows\system32\WINMM.dll
0x000007fefca10000 - 0x000007fefca1c000 	C:\Windows\system32\VERSION.dll
0x0000000077e10000 - 0x0000000077e17000 	C:\Windows\system32\PSAPI.DLL
0x000007fefc0f0000 - 0x000007fefc0ff000 	C:\Program Files\Android\Android Studio\jre\jre\bin\verify.dll
0x000007fef71d0000 - 0x000007fef71f9000 	C:\Program Files\Android\Android Studio\jre\jre\bin\java.dll
0x000007fef71b0000 - 0x000007fef71c6000 	C:\Program Files\Android\Android Studio\jre\jre\bin\zip.dll
0x000007fefebf0000 - 0x000007feff97b000 	C:\Windows\system32\SHELL32.dll
0x000007fefe790000 - 0x000007fefe98c000 	C:\Windows\system32\ole32.dll
0x000007fefd920000 - 0x000007fefd92f000 	C:\Windows\system32\profapi.dll
0x000007fef7190000 - 0x000007fef71aa000 	C:\Program Files\Android\Android Studio\jre\jre\bin\net.dll
0x000007fefd140000 - 0x000007fefd195000 	C:\Windows\system32\mswsock.dll
0x000007fefd130000 - 0x000007fefd137000 	C:\Windows\System32\wship6.dll
0x000007fef6ca0000 - 0x000007fef6cb1000 	C:\Program Files\Android\Android Studio\jre\jre\bin\nio.dll
0x000007fef1d60000 - 0x000007fef1d7e000 	C:\Users\Administrator\.gradle\native\23\windows-amd64\native-platform.dll
0x000007fefd1a0000 - 0x000007fefd1b8000 	C:\Windows\system32\CRYPTSP.dll
0x000007fefcea0000 - 0x000007fefcee7000 	C:\Windows\system32\rsaenh.dll
0x000007fefcc20000 - 0x000007fefcc3e000 	C:\Windows\system32\USERENV.dll
0x000007fefd850000 - 0x000007fefd85f000 	C:\Windows\system32\CRYPTBASE.dll
0x000007fefaf60000 - 0x000007fefaf87000 	C:\Windows\system32\IPHLPAPI.DLL
0x000007fefaf50000 - 0x000007fefaf5b000 	C:\Windows\system32\WINNSI.DLL
0x000007fefa900000 - 0x000007fefa911000 	C:\Windows\system32\dhcpcsvc6.DLL
0x000007fefa8e0000 - 0x000007fefa8f8000 	C:\Windows\system32\dhcpcsvc.DLL
0x000007fefb700000 - 0x000007fefb70d000 	C:\Program Files\Android\Android Studio\jre\jre\bin\management.dll
0x000007fefd7f0000 - 0x000007fefd847000 	C:\Windows\system32\apphelp.dll
0x000007fef1a10000 - 0x000007fef1a34000 	C:\Program Files\Android\Android Studio\jre\jre\bin\sunec.dll
0x000007fef7180000 - 0x000007fef718b000 	C:\Program Files\Android\Android Studio\jre\jre\bin\sunmscapi.dll
0x000007fefd9d0000 - 0x000007fefdb3d000 	C:\Windows\system32\CRYPT32.dll
0x000007fefd9c0000 - 0x000007fefd9cf000 	C:\Windows\system32\MSASN1.dll

VM Arguments:
jvm_args: -XX:MaxPermSize=256m -XX:+HeapDumpOnOutOfMemoryError -Xmx1024m -Dfile.encoding=GBK -Duser.country=CN -Duser.language=zh -Duser.variant 
java_command: org.gradle.launcher.daemon.bootstrap.GradleDaemon 3.3
java_class_path (initial): C:\Users\Administrator\.gradle\wrapper\dists\gradle-3.3-all\55gk2rcmfc6p2dg9u9ohc3hw9\gradle-3.3\lib\gradle-launcher-3.3.jar
Launcher Type: SUN_STANDARD

Environment Variables:
JAVA_HOME=C:\Sun\SDK\jdk
JRE_HOME=C:\Sun\SDK\jdk\jre
CLASSPATH=.;C:\Sun\SDK\jdk\lib\dt.jar;C:\Sun\SDK\jdk\lib\tools.jar
PATH=C:\Sun\SDK\jdk\bin;C:\Windows\system32;C:\Windows;C:\Windows\System32\Wbem;C:\Windows\System32\WindowsPowerShell\v1.0\;C:\Sun\SDK\jdk\bin;C:\Sun\SDK\jdk\jre\bin;C:\Program Files (x86)\Microsoft SQL Server\90\Tools\bin\;C:\Qt\4.8.0\bin\;D:\apache-tomcat-6.0.53\bin;D:\Android\SDK\platform-tools;C:\Sun\SDK\bin
USERNAME=Administrator
OS=Windows_NT
PROCESSOR_IDENTIFIER=Intel64 Family 6 Model 37 Stepping 5, GenuineIntel



---------------  S Y S T E M  ---------------

OS: Windows 7 , 64 bit Build 7601 (6.1.7601.23807)

CPU:total 4 (2 cores per cpu, 2 threads per core) family 6 model 37 stepping 5, cmov, cx8, fxsr, mmx, sse, sse2, sse3, ssse3, sse4.1, sse4.2, popcnt, ht, tsc, tscinvbit

Memory: 4k page, physical 4053500k(191568k free), swap 6673080k(3928k free)

vm_info: OpenJDK 64-Bit Server VM (25.112-b06) for windows-amd64 JRE (1.8.0_112-release-b06), built on Dec  8 2016 00:54:26 by "builder" with MS VC++ 10.0 (VS2010)

time: Mon Jul 24 14:16:50 2017
elapsed time: 2395 seconds (0d 0h 39m 55s)

