JvmtiExport can_access_local_variables 0
JvmtiExport can_hotswap_or_post_breakpoint 0
JvmtiExport can_post_on_exceptions 0
# 811 ciObject found
instanceKlass org/gradle/internal/component/external/model/AbstractModuleComponentResolveMetadata$1
instanceKlass com/android/build/gradle/internal/ExtraModelInfo$1
instanceKlass com/android/ide/common/blame/parser/util/OutputLineReader
instanceKlass java/util/ArrayDeque$1
instanceKlass com/squareup/okhttp/OkHttpClient
instanceKlass com/dbdky/yfzx/mytest/CommonJSONParser
instanceKlass com/google/common/base/Equivalence$1
instanceKlass org/gradle/internal/serialize/CausePlaceholder
instanceKlass org/gradle/internal/serialize/ExceptionPlaceholder$1
instanceKlass org/gradle/internal/serialize/ExceptionReplacingObjectOutputStream$2
instanceKlass org/gradle/internal/buildevents/BuildExceptionReporter$2
instanceKlass org/gradle/internal/logging/text/BufferingStyledTextOutput$ChangeStyleAction
instanceKlass org/gradle/internal/logging/text/BufferingStyledTextOutput$1
instanceKlass org/gradle/internal/buildevents/BuildExceptionReporter$FailureDetails
instanceKlass org/codehaus/groovy/runtime/StackTraceUtils
instanceKlass org/gradle/internal/exceptions/Contextual
instanceKlass org/gradle/tooling/internal/provider/events/DefaultFailure
instanceKlass org/gradle/tooling/internal/protocol/InternalFailure
instanceKlass com/sun/tools/javac/parser/Tokens$1
instanceKlass com/sun/tools/javac/util/JCDiagnostic$SourcePosition
instanceKlass com/sun/tools/javac/util/JCDiagnostic$1
instanceKlass com/sun/tools/javac/util/JCDiagnostic$SimpleDiagnosticPosition
instanceKlass com/squareup/okhttp/OkHttpClient
instanceKlass org/json/JSONObject
instanceKlass org/objectweb/asm/Handler
instanceKlass com/android/build/gradle/internal/incremental/IncrementalChangeVisitor$1
instanceKlass com/android/build/gradle/internal/incremental/InstantRunBuildContext$$Lambda$388
instanceKlass com/android/build/gradle/internal/pipeline/TransformTask$$Lambda$387
instanceKlass com/google/wireless/android/sdk/stats/InstantRunArtifact$Type$1
instanceKlass com/google/wireless/android/sdk/stats/InstantRunStatus$VerifierStatus$1
instanceKlass com/google/wireless/android/sdk/stats/InstantRunStatus$PatchingPolicy$1
instanceKlass com/google/wireless/android/sdk/stats/InstantRunStatus$BuildMode$1
instanceKlass com/android/build/gradle/internal/incremental/InstantRunAnalyticsHelper$1
instanceKlass com/google/wireless/android/sdk/stats/InstantRunArtifactOrBuilder
instanceKlass com/android/build/gradle/internal/incremental/InstantRunAnalyticsHelper
instanceKlass com/android/build/gradle/tasks/PackageAndroidArtifact$$Lambda$386
instanceKlass com/android/apkzlib/sign/v2/ApkSignerV2$V2SignatureSchemeBlock$Signer
instanceKlass com/android/apkzlib/sign/v2/ApkSignerV2$V2SignatureSchemeBlock$SignedData
instanceKlass com/android/apkzlib/sign/v2/ZFileDigestSource
instanceKlass com/android/apkzlib/sign/v2/ByteArrayDigestSource
instanceKlass com/android/apkzlib/sign/v2/ApkSignerV2$SignerConfig
instanceKlass com/android/apkzlib/zip/ExtraField$AlignmentSegment
instanceKlass com/android/apkzlib/zip/ZFile$$Lambda$385
instanceKlass java/lang/invoke/LambdaForm$DMH
instanceKlass com/android/apkzlib/zip/ZFile$$Lambda$384
instanceKlass com/android/apkzlib/zip/ZFile$$Lambda$383
instanceKlass com/android/apkzlib/zip/ZFile$$Lambda$382
instanceKlass com/android/apkzlib/zip/ExtraField$Segment
instanceKlass org/bouncycastle/asn1/DEROctetStringParser
instanceKlass org/bouncycastle/asn1/DERSequenceParser
instanceKlass org/bouncycastle/asn1/DERSetParser
instanceKlass org/bouncycastle/asn1/BERTaggedObjectParser
instanceKlass org/bouncycastle/asn1/BERSequenceParser
instanceKlass org/bouncycastle/asn1/ASN1StreamParser
instanceKlass org/bouncycastle/asn1/OIDTokenizer
instanceKlass org/bouncycastle/asn1/ASN1OutputStream
instanceKlass org/bouncycastle/asn1/eac/EACObjectIdentifiers
instanceKlass java/security/cert/CertStoreParameters
instanceKlass org/bouncycastle/x509/X509StoreParameters
instanceKlass org/bouncycastle/cms/CMSSignedHelper
instanceKlass org/bouncycastle/cms/CMSSignedData
instanceKlass sun/security/rsa/RSACore$BlindingRandomPair
instanceKlass sun/security/jca/JCAUtil$CachedSecureRandomHolder
instanceKlass sun/security/jca/JCAUtil
instanceKlass sun/security/rsa/RSACore$BlindingParameters
instanceKlass org/bouncycastle/cms/CMSUtils
instanceKlass org/bouncycastle/operator/jcajce/JcaDigestCalculatorProviderBuilder$1$1
instanceKlass sun/security/mscapi/SunMSCAPI$1
