#
# There is insufficient memory for the Java Runtime Environment to continue.
# Native memory allocation (malloc) failed to allocate 1056336 bytes for Chunk::new
# Possible reasons:
#   The system is out of physical RAM or swap space
#   In 32 bit mode, the process size limit was hit
# Possible solutions:
#   Reduce memory load on the system
#   Increase physical memory or swap space
#   Check if swap backing store is full
#   Use 64 bit Java on a 64 bit OS
#   Decrease Java heap size (-Xmx/-Xms)
#   Decrease number of Java threads
#   Decrease Java thread stack sizes (-Xss)
#   Set larger code cache with -XX:ReservedCodeCacheSize=
# This output file may be truncated or incomplete.
#
#  Out of Memory Error (allocation.cpp:390), pid=4996, tid=0x0000000000002e94
#
# JRE version: OpenJDK Runtime Environment (8.0_112-b06) (build 1.8.0_112-release-b06)
# Java VM: OpenJDK 64-Bit Server VM (25.112-b06 mixed mode windows-amd64 compressed oops)
# Failed to write core dump. Minidumps are not enabled by default on client versions of Windows
#

---------------  T H R E A D  ---------------

Current thread (0x000000001658b800):  JavaThread "C2 CompilerThread0" daemon [_thread_in_native, id=11924, stack(0x00000000170d0000,0x00000000171d0000)]

Stack: [0x00000000170d0000,0x00000000171d0000]
[error occurred during error reporting (printing stack bounds), id 0xc0000005]

Native frames: (J=compiled Java code, j=interpreted, Vv=VM code, C=native code)


Current CompileTask:
C2:   8753 1355   !   4       com.android.dx.cf.code.RopperMachine::run (1581 bytes)


---------------  P R O C E S S  ---------------

Java Threads: ( => current thread )
  0x000000001684e000 JavaThread "pool-2-thread-4" [_thread_blocked, id=8052, stack(0x0000000017ed0000,0x0000000017fd0000)]
  0x0000000016744800 JavaThread "pool-2-thread-3" [_thread_blocked, id=4840, stack(0x0000000017d40000,0x0000000017e40000)]
  0x0000000016743800 JavaThread "pool-2-thread-2" [_thread_blocked, id=2300, stack(0x0000000017b40000,0x0000000017c40000)]
  0x0000000016737800 JavaThread "pool-3-thread-1" [_thread_blocked, id=12156, stack(0x00000000178b0000,0x00000000179b0000)]
  0x00000000166f3000 JavaThread "pool-2-thread-1" [_thread_blocked, id=8776, stack(0x00000000177a0000,0x00000000178a0000)]
  0x000000001660e000 JavaThread "Service Thread" daemon [_thread_blocked, id=14768, stack(0x0000000016070000,0x0000000016170000)]
  0x00000000165ad000 JavaThread "C1 CompilerThread2" daemon [_thread_blocked, id=12032, stack(0x00000000173f0000,0x00000000174f0000)]
  0x00000000165a4000 JavaThread "C2 CompilerThread1" daemon [_thread_in_native, id=10376, stack(0x0000000017230000,0x0000000017330000)]
=>0x000000001658b800 JavaThread "C2 CompilerThread0" daemon [_thread_in_native, id=11924, stack(0x00000000170d0000,0x00000000171d0000)]
  0x000000001658a800 JavaThread "Attach Listener" daemon [_thread_blocked, id=10980, stack(0x0000000016f80000,0x0000000017080000)]
  0x000000001504e800 JavaThread "Signal Dispatcher" daemon [_thread_blocked, id=7868, stack(0x0000000016e10000,0x0000000016f10000)]
  0x0000000014fea000 JavaThread "Finalizer" daemon [_thread_blocked, id=896, stack(0x0000000016480000,0x0000000016580000)]
  0x0000000014fe1000 JavaThread "Reference Handler" daemon [_thread_blocked, id=6464, stack(0x00000000162c0000,0x00000000163c0000)]
  0x000000000253e800 JavaThread "main" [_thread_blocked, id=9236, stack(0x00000000026a0000,0x00000000027a0000)]

Other Threads:
  0x0000000014fd9800 VMThread [stack: 0x00000000161c0000,0x00000000162c0000] [id=3924]
  0x00000000165e8000 WatcherThread [stack: 0x00000000175d0000,0x00000000176d0000] [id=7540]

VM state:at safepoint (normal execution)

VM Mutex/Monitor currently owned by a thread:  ([mutex/lock_event])
[0x000000000253c270] Threads_lock - owner thread: 0x0000000014fd9800
[0x000000000253c770] Heap_lock - owner thread: 0x0000000016743800

Heap:
 PSYoungGen      total 34304K, used 31744K [0x00000000eab00000, 0x00000000ecf00000, 0x0000000100000000)
  eden space 31744K, 100% used [0x00000000eab00000,0x00000000eca00000,0x00000000eca00000)
  from space 2560K, 0% used [0x00000000eca00000,0x00000000eca00000,0x00000000ecc80000)
  to   space 2560K, 0% used [0x00000000ecc80000,0x00000000ecc80000,0x00000000ecf00000)
 ParOldGen       total 64000K, used 63908K [0x00000000c0000000, 0x00000000c3e80000, 0x00000000eab00000)
  object space 64000K, 99% used [0x00000000c0000000,0x00000000c3e69278,0x00000000c3e80000)
 Metaspace       used 5984K, capacity 7024K, committed 7296K, reserved 1056768K
  class space    used 570K, capacity 616K, committed 640K, reserved 1048576K

Card table byte_map: [0x0000000011c70000,0x0000000011e80000] byte_map_base: 0x0000000011670000

Marking Bits: (ParMarkBitMap*) 0x00000000525218f0
 Begin Bits: [0x0000000012450000, 0x0000000013450000)
 End Bits:   [0x0000000013450000, 0x0000000014450000)

Polling page: 0x0000000000230000

CodeCache: size=245760Kb used=5707Kb max_used=5707Kb free=240052Kb
 bounds [0x00000000028b0000, 0x0000000002e50000, 0x00000000118b0000]
 total_blobs=1662 nmethods=1396 adapters=181
 compilation: enabled

Compilation events (10 events):
Event: 7.951 Thread 0x00000000165ad000 1415       2       com.android.dx.ssa.back.LivenessAnalyzer::liveOutAtStatement (61 bytes)
Event: 7.952 Thread 0x00000000165ad000 nmethod 1415 0x0000000002e34990 code [0x0000000002e34b20, 0x0000000002e34e88]
Event: 7.952 Thread 0x00000000165ad000 1414       2       com.android.dx.ssa.back.LivenessAnalyzer::liveOutAtBlock (68 bytes)
Event: 7.953 Thread 0x00000000165ad000 nmethod 1414 0x0000000002e35250 code [0x0000000002e35400, 0x0000000002e358c8]
Event: 7.953 Thread 0x00000000165ad000 1417       2       com.android.dx.ssa.SsaBasicBlock::addLiveOut (32 bytes)
Event: 7.953 Thread 0x00000000165ad000 nmethod 1417 0x0000000002e35cd0 code [0x0000000002e35e60, 0x0000000002e36248]
Event: 7.953 Thread 0x00000000165ad000 1416       2       com.android.dx.ssa.back.InterferenceGraph::add (46 bytes)
Event: 7.954 Thread 0x00000000165ad000 nmethod 1416 0x0000000002e36490 code [0x0000000002e36660, 0x0000000002e36b28]
Event: 7.954 Thread 0x00000000165ad000 1411       2       com.android.dx.ssa.SsaBasicBlock::addLiveIn (32 bytes)
Event: 7.954 Thread 0x00000000165ad000 nmethod 1411 0x0000000002e370d0 code [0x0000000002e37260, 0x0000000002e37648]

GC Heap History (10 events):
Event: 7.066 GC heap before
{Heap before GC invocations=3 (full 0):
 PSYoungGen      total 18432K, used 18428K [0x00000000eab00000, 0x00000000ecf00000, 0x0000000100000000)
  eden space 15872K, 100% used [0x00000000eab00000,0x00000000eba80000,0x00000000eba80000)
  from space 2560K, 99% used [0x00000000ebd00000,0x00000000ebf7f140,0x00000000ebf80000)
  to   space 2560K, 0% used [0x00000000eba80000,0x00000000eba80000,0x00000000ebd00000)
 ParOldGen       total 42496K, used 4256K [0x00000000c0000000, 0x00000000c2980000, 0x00000000eab00000)
  object space 42496K, 10% used [0x00000000c0000000,0x00000000c0428228,0x00000000c2980000)
 Metaspace       used 5896K, capacity 7024K, committed 7296K, reserved 1056768K
  class space    used 567K, capacity 616K, committed 640K, reserved 1048576K
Event: 7.086 GC heap after
Heap after GC invocations=3 (full 0):
 PSYoungGen      total 18432K, used 2555K [0x00000000eab00000, 0x00000000ecf00000, 0x0000000100000000)
  eden space 15872K, 0% used [0x00000000eab00000,0x00000000eab00000,0x00000000eba80000)
  from space 2560K, 99% used [0x00000000eba80000,0x00000000ebcfedf0,0x00000000ebd00000)
  to   space 2560K, 0% used [0x00000000ecc80000,0x00000000ecc80000,0x00000000ecf00000)
 ParOldGen       total 42496K, used 8494K [0x00000000c0000000, 0x00000000c2980000, 0x00000000eab00000)
  object space 42496K, 19% used [0x00000000c0000000,0x00000000c084b9f0,0x00000000c2980000)
 Metaspace       used 5896K, capacity 7024K, committed 7296K, reserved 1056768K
  class space    used 567K, capacity 616K, committed 640K, reserved 1048576K
}
Event: 7.164 GC heap before
{Heap before GC invocations=4 (full 0):
 PSYoungGen      total 18432K, used 18427K [0x00000000eab00000, 0x00000000ecf00000, 0x0000000100000000)
  eden space 15872K, 100% used [0x00000000eab00000,0x00000000eba80000,0x00000000eba80000)
  from space 2560K, 99% used [0x00000000eba80000,0x00000000ebcfedf0,0x00000000ebd00000)
  to   space 2560K, 0% used [0x00000000ecc80000,0x00000000ecc80000,0x00000000ecf00000)
 ParOldGen       total 42496K, used 8494K [0x00000000c0000000, 0x00000000c2980000, 0x00000000eab00000)
  object space 42496K, 19% used [0x00000000c0000000,0x00000000c084b9f0,0x00000000c2980000)
 Metaspace       used 5916K, capacity 7024K, committed 7296K, reserved 1056768K
  class space    used 567K, capacity 616K, committed 640K, reserved 1048576K
Event: 7.198 GC heap after
Heap after GC invocations=4 (full 0):
 PSYoungGen      total 34304K, used 2539K [0x00000000eab00000, 0x00000000ecf00000, 0x0000000100000000)
  eden space 31744K, 0% used [0x00000000eab00000,0x00000000eab00000,0x00000000eca00000)
  from space 2560K, 99% used [0x00000000ecc80000,0x00000000ecefade0,0x00000000ecf00000)
  to   space 2560K, 0% used [0x00000000eca00000,0x00000000eca00000,0x00000000ecc80000)
 ParOldGen       total 42496K, used 17347K [0x00000000c0000000, 0x00000000c2980000, 0x00000000eab00000)
  object space 42496K, 40% used [0x00000000c0000000,0x00000000c10f0fd8,0x00000000c2980000)
 Metaspace       used 5916K, capacity 7024K, committed 7296K, reserved 1056768K
  class space    used 567K, capacity 616K, committed 640K, reserved 1048576K
}
Event: 7.392 GC heap before
{Heap before GC invocations=5 (full 0):
 PSYoungGen      total 34304K, used 34283K [0x00000000eab00000, 0x00000000ecf00000, 0x0000000100000000)
  eden space 31744K, 100% used [0x00000000eab00000,0x00000000eca00000,0x00000000eca00000)
  from space 2560K, 99% used [0x00000000ecc80000,0x00000000ecefade0,0x00000000ecf00000)
  to   space 2560K, 0% used [0x00000000eca00000,0x00000000eca00000,0x00000000ecc80000)
 ParOldGen       total 42496K, used 17347K [0x00000000c0000000, 0x00000000c2980000, 0x00000000eab00000)
  object space 42496K, 40% used [0x00000000c0000000,0x00000000c10f0fd8,0x00000000c2980000)
 Metaspace       used 5977K, capacity 7024K, committed 7296K, reserved 1056768K
  class space    used 570K, capacity 616K, committed 640K, reserved 1048576K
Event: 7.431 GC heap after
Heap after GC invocations=5 (full 0):
 PSYoungGen      total 34304K, used 2536K [0x00000000eab00000, 0x00000000ecf00000, 0x0000000100000000)
  eden space 31744K, 0% used [0x00000000eab00000,0x00000000eab00000,0x00000000eca00000)
  from space 2560K, 99% used [0x00000000eca00000,0x00000000ecc7a248,0x00000000ecc80000)
  to   space 2560K, 0% used [0x00000000ecc80000,0x00000000ecc80000,0x00000000ecf00000)
 ParOldGen       total 42496K, used 31270K [0x00000000c0000000, 0x00000000c2980000, 0x00000000eab00000)
  object space 42496K, 73% used [0x00000000c0000000,0x00000000c1e89918,0x00000000c2980000)
 Metaspace       used 5977K, capacity 7024K, committed 7296K, reserved 1056768K
  class space    used 570K, capacity 616K, committed 640K, reserved 1048576K
}
Event: 7.431 GC heap before
{Heap before GC invocations=6 (full 1):
 PSYoungGen      total 34304K, used 2536K [0x00000000eab00000, 0x00000000ecf00000, 0x0000000100000000)
  eden space 31744K, 0% used [0x00000000eab00000,0x00000000eab00000,0x00000000eca00000)
  from space 2560K, 99% used [0x00000000eca00000,0x00000000ecc7a248,0x00000000ecc80000)
  to   space 2560K, 0% used [0x00000000ecc80000,0x00000000ecc80000,0x00000000ecf00000)
 ParOldGen       total 42496K, used 31270K [0x00000000c0000000, 0x00000000c2980000, 0x00000000eab00000)
  object space 42496K, 73% used [0x00000000c0000000,0x00000000c1e89918,0x00000000c2980000)
 Metaspace       used 5977K, capacity 7024K, committed 7296K, reserved 1056768K
  class space    used 570K, capacity 616K, committed 640K, reserved 1048576K
Event: 7.613 GC heap after
Heap after GC invocations=6 (full 1):
 PSYoungGen      total 34304K, used 0K [0x00000000eab00000, 0x00000000ecf00000, 0x0000000100000000)
  eden space 31744K, 0% used [0x00000000eab00000,0x00000000eab00000,0x00000000eca00000)
  from space 2560K, 0% used [0x00000000eca00000,0x00000000eca00000,0x00000000ecc80000)
  to   space 2560K, 0% used [0x00000000ecc80000,0x00000000ecc80000,0x00000000ecf00000)
 ParOldGen       total 64000K, used 30293K [0x00000000c0000000, 0x00000000c3e80000, 0x00000000eab00000)
  object space 64000K, 47% used [0x00000000c0000000,0x00000000c1d95470,0x00000000c3e80000)
 Metaspace       used 5977K, capacity 7024K, committed 7296K, reserved 1056768K
  class space    used 570K, capacity 616K, committed 640K, reserved 1048576K
}
Event: 7.780 GC heap before
{Heap before GC invocations=7 (full 1):
 PSYoungGen      total 34304K, used 31744K [0x00000000eab00000, 0x00000000ecf00000, 0x0000000100000000)
  eden space 31744K, 100% used [0x00000000eab00000,0x00000000eca00000,0x00000000eca00000)
  from space 2560K, 0% used [0x00000000eca00000,0x00000000eca00000,0x00000000ecc80000)
  to   space 2560K, 0% used [0x00000000ecc80000,0x00000000ecc80000,0x00000000ecf00000)
 ParOldGen       total 64000K, used 30293K [0x00000000c0000000, 0x00000000c3e80000, 0x00000000eab00000)
  object space 64000K, 47% used [0x00000000c0000000,0x00000000c1d95470,0x00000000c3e80000)
 Metaspace       used 5978K, capacity 7024K, committed 7296K, reserved 1056768K
  class space    used 570K, capacity 616K, committed 640K, reserved 1048576K
Event: 7.827 GC heap after
Heap after GC invocations=7 (full 1):
 PSYoungGen      total 34304K, used 2560K [0x00000000eab00000, 0x00000000ecf00000, 0x0000000100000000)
  eden space 31744K, 0% used [0x00000000eab00000,0x00000000eab00000,0x00000000eca00000)
  from space 2560K, 100% used [0x00000000ecc80000,0x00000000ecf00000,0x00000000ecf00000)
  to   space 2560K, 0% used [0x00000000eca00000,0x00000000eca00000,0x00000000ecc80000)
 ParOldGen       total 64000K, used 45074K [0x00000000c0000000, 0x00000000c3e80000, 0x00000000eab00000)
  object space 64000K, 70% used [0x00000000c0000000,0x00000000c2c04990,0x00000000c3e80000)
 Metaspace       used 5978K, capacity 7024K, committed 7296K, reserved 1056768K
  class space    used 570K, capacity 616K, committed 640K, reserved 1048576K
}

Deoptimization events (10 events):
Event: 6.955 Thread 0x00000000166f3000 Uncommon trap: reason=class_check action=maybe_recompile pc=0x0000000002caadf8 method=java.util.HashMap.putVal(ILjava/lang/Object;Ljava/lang/Object;ZZ)Ljava/lang/Object; @ 203
Event: 7.025 Thread 0x0000000016743800 Uncommon trap: reason=null_check action=make_not_entrant pc=0x0000000002b3a090 method=com.android.dx.rop.type.Type.equals(Ljava/lang/Object;)Z @ 8
Event: 7.088 Thread 0x0000000016743800 Uncommon trap: reason=unstable_if action=reinterpret pc=0x0000000002c8890c method=com.android.dx.ssa.SsaRenamer$BlockRenamer.addMapping(ILcom/android/dx/rop/code/RegisterSpec;)V @ 120
Event: 7.949 Thread 0x000000001684e000 Uncommon trap: reason=unstable_if action=reinterpret pc=0x0000000002c5fedc method=com.android.dx.ssa.SetFactory.makeLivenessSet(I)Lcom/android/dx/util/IntSet; @ 4
Event: 7.949 Thread 0x000000001684e000 Uncommon trap: reason=unstable_if action=reinterpret pc=0x0000000002bf10a0 method=com.android.dx.ssa.SetFactory.makeLivenessSet(I)Lcom/android/dx/util/IntSet; @ 4
Event: 7.950 Thread 0x000000001684e000 Uncommon trap: reason=class_check action=maybe_recompile pc=0x0000000002c1bde4 method=com.android.dx.ssa.back.InterferenceGraph.add(II)V @ 19
Event: 7.950 Thread 0x000000001684e000 Uncommon trap: reason=class_check action=maybe_recompile pc=0x0000000002c1bde4 method=com.android.dx.ssa.back.InterferenceGraph.add(II)V @ 19
Event: 7.951 Thread 0x000000001684e000 Uncommon trap: reason=unstable_if action=reinterpret pc=0x0000000002c8f12c method=com.android.dx.util.IntList.binarysearch(I)I @ 105
Event: 7.951 Thread 0x000000001684e000 Uncommon trap: reason=class_check action=maybe_recompile pc=0x0000000002c1bde4 method=com.android.dx.ssa.back.InterferenceGraph.add(II)V @ 19
Event: 7.951 Thread 0x000000001684e000 Uncommon trap: reason=class_check action=maybe_recompile pc=0x0000000002c1bde4 method=com.android.dx.ssa.back.InterferenceGraph.add(II)V @ 19

Internal exceptions (4 events):
Event: 1.019 Thread 0x000000000253e800 Exception <a 'java/lang/NoSuchMethodError': Method sun.misc.Unsafe.defineClass(Ljava/lang/String;[BII)Ljava/lang/Class; name or signature does not match> (0x00000000eab07c78) thrown at [C:\src\android\AOSP-openjdk\external\jetbrains\jdk\hotspot\src\share\váÌå%UL?
Event: 1.019 Thread 0x000000000253e800 Exception <a 'java/lang/NoSuchMethodError': Method sun.misc.Unsafe.prefetchRead(Ljava/lang/Object;J)V name or signature does not match> (0x00000000eab07f60) thrown at [C:\src\android\AOSP-openjdk\external\jetbrains\jdk\hotspot\src\share\vm\prims\jni.cpp, lp»ê_éE@
Event: 6.818 Thread 0x000000001684e000 Implicit null exception at 0x0000000002bbb4fc to 0x0000000002bbc9b9
Event: 7.025 Thread 0x0000000016743800 Implicit null exception at 0x0000000002b39f92 to 0x0000000002b3a082

Events (10 events):
Event: 7.950 Thread 0x000000001684e000 DEOPT UNPACKING pc=0x00000000028f556a sp=0x0000000017fce3d8 mode 2
Event: 7.950 Thread 0x000000001684e000 Uncommon trap: trap_request=0xffffff65 fr.pc=0x0000000002c8f12c
Event: 7.951 Thread 0x000000001684e000 DEOPT PACKING pc=0x0000000002c8f12c sp=0x0000000017fce360
Event: 7.951 Thread 0x000000001684e000 DEOPT UNPACKING pc=0x00000000028f556a sp=0x0000000017fce2d8 mode 2
Event: 7.951 Thread 0x000000001684e000 Uncommon trap: trap_request=0xffffffde fr.pc=0x0000000002c1bde4
Event: 7.951 Thread 0x000000001684e000 DEOPT PACKING pc=0x0000000002c1bde4 sp=0x0000000017fce440
Event: 7.951 Thread 0x000000001684e000 DEOPT UNPACKING pc=0x00000000028f556a sp=0x0000000017fce3d8 mode 2
Event: 7.951 Thread 0x000000001684e000 Uncommon trap: trap_request=0xffffffde fr.pc=0x0000000002c1bde4
Event: 7.951 Thread 0x000000001684e000 DEOPT PACKING pc=0x0000000002c1bde4 sp=0x0000000017fce440
Event: 7.951 Thread 0x000000001684e000 DEOPT UNPACKING pc=0x00000000028f556a sp=0x0000000017fce3d8 mode 2


Dynamic libraries:
0x000000013ffd0000 - 0x0000000140001000 	C:\Program Files\Android\Android Studio\jre\bin\java.exe
0x0000000077c40000 - 0x0000000077dea000 	C:\Windows\SYSTEM32\ntdll.dll
0x0000000077b20000 - 0x0000000077c3f000 	C:\Windows\system32\kernel32.dll
0x000007fefdcb0000 - 0x000007fefdd1a000 	C:\Windows\system32\KERNELBASE.dll
0x000007fefddd0000 - 0x000007fefdeab000 	C:\Windows\system32\ADVAPI32.dll
0x000007fefe990000 - 0x000007fefea2f000 	C:\Windows\system32\msvcrt.dll
0x000007fefeb30000 - 0x000007fefeb4f000 	C:\Windows\SYSTEM32\sechost.dll
0x000007feff9d0000 - 0x000007feffafd000 	C:\Windows\system32\RPCRT4.dll
0x00000000778e0000 - 0x00000000779da000 	C:\Windows\system32\USER32.dll
0x000007fefeac0000 - 0x000007fefeb27000 	C:\Windows\system32\GDI32.dll
0x000007fefe360000 - 0x000007fefe36e000 	C:\Windows\system32\LPK.dll
0x000007fefe030000 - 0x000007fefe0fb000 	C:\Windows\system32\USP10.dll
0x000007fefc120000 - 0x000007fefc314000 	C:\Windows\WinSxS\amd64_microsoft.windows.common-controls_6595b64144ccf1df_6.0.7601.18837_none_fa3b1e3d17594757\COMCTL32.dll
0x000007fefe710000 - 0x000007fefe781000 	C:\Windows\system32\SHLWAPI.dll
0x000007feffc30000 - 0x000007feffc5e000 	C:\Windows\system32\IMM32.DLL
0x000007fefe600000 - 0x000007fefe709000 	C:\Windows\system32\MSCTF.dll
0x00000000559f0000 - 0x0000000055ac2000 	C:\Program Files\Android\Android Studio\jre\jre\bin\msvcr100.dll
0x0000000051d60000 - 0x000000005259c000 	C:\Program Files\Android\Android Studio\jre\jre\bin\server\jvm.dll
0x000007fefb4c0000 - 0x000007fefb4c9000 	C:\Windows\system32\WSOCK32.dll
0x000007feff980000 - 0x000007feff9cd000 	C:\Windows\system32\WS2_32.dll
0x000007fefff40000 - 0x000007fefff48000 	C:\Windows\system32\NSI.dll
0x000007fefdd90000 - 0x000007fefddcb000 	C:\Windows\system32\WINMM.dll
0x000007fefca10000 - 0x000007fefca1c000 	C:\Windows\system32\VERSION.dll
0x0000000077e10000 - 0x0000000077e17000 	C:\Windows\system32\PSAPI.DLL
0x000007fefb750000 - 0x000007fefb75f000 	C:\Program Files\Android\Android Studio\jre\jre\bin\verify.dll
0x000007fef71a0000 - 0x000007fef71c9000 	C:\Program Files\Android\Android Studio\jre\jre\bin\java.dll
0x000007fefb730000 - 0x000007fefb746000 	C:\Program Files\Android\Android Studio\jre\jre\bin\zip.dll
0x000007fefebf0000 - 0x000007feff97b000 	C:\Windows\system32\SHELL32.dll
0x000007fefe790000 - 0x000007fefe98c000 	C:\Windows\system32\ole32.dll
0x000007fefd920000 - 0x000007fefd92f000 	C:\Windows\system32\profapi.dll

VM Arguments:
jvm_args: -Djava.awt.headless=true -Xmx1024M -Dfile.encoding=GBK -Duser.country=CN -Duser.language=zh -Duser.variant 
java_command: com.android.dx.command.Main --dex --force-jumbo --num-threads=4 --multi-dex --output D:\Android\AndroidStudioProjects\MyTest\app\build\intermediates\transforms\dex\debug\folders\1000\5\slice_9 D:\Android\AndroidStudioProjects\MyTest\app\build\intermediates\transforms\instantRunSlicer\debug\folders\1\5\slice_9
java_class_path (initial): C:\Users\Administrator\AppData\Local\Android\sdk\build-tools\26.0.0\lib\dx.jar
Launcher Type: SUN_STANDARD

Environment Variables:
JAVA_HOME=C:\Sun\SDK\jdk
JRE_HOME=C:\Sun\SDK\jdk\jre
CLASSPATH=.;C:\Sun\SDK\jdk\lib\dt.jar;C:\Sun\SDK\jdk\lib\tools.jar
PATH=C:\Sun\SDK\jdk\bin;C:\Windows\system32;C:\Windows;C:\Windows\System32\Wbem;C:\Windows\System32\WindowsPowerShell\v1.0\;C:\Sun\SDK\jdk\bin;C:\Sun\SDK\jdk\jre\bin;C:\Program Files (x86)\Microsoft SQL Server\90\Tools\bin\;C:\Qt\4.8.0\bin\;D:\apache-tomcat-6.0.53\bin;D:\Android\SDK\platform-tools;C:\Sun\SDK\bin
USERNAME=Administrator
OS=Windows_NT
PROCESSOR_IDENTIFIER=Intel64 Family 6 Model 37 Stepping 5, GenuineIntel



---------------  S Y S T E M  ---------------

OS: Windows 7 , 64 bit Build 7601 (6.1.7601.23807)

CPU:total 4 (2 cores per cpu, 2 threads per core) family 6 model 37 stepping 5, cmov, cx8, fxsr, mmx, sse, sse2, sse3, ssse3, sse4.1, sse4.2, popcnt, ht, tsc, tscinvbit

Memory: 4k page, physical 4053500k(131596k free), swap 6673080k(4088k free)

vm_info: OpenJDK 64-Bit Server VM (25.112-b06) for windows-amd64 JRE (1.8.0_112-release-b06), built on Dec  8 2016 00:54:26 by "builder" with MS VC++ 10.0 (VS2010)

time: Mon Jul 24 14:22:34 2017
elapsed time: 9 seconds (0d 0h 0m 9s)

